<?xml version="1.0" encoding="UTF-8"?>
<!-- Generated by org.testng.reporters.JUnitReportReporter -->
<testsuite name="Usecase.Loginsucess" tests="1" time="7.213" ignored="0" failures="0" timestamp="24 一月 2019 07:47:57 GMT" skipped="0" hostname="zcydeMacBook-Air.local" errors="0">
  <testcase name="login" time="7.213" classname="Usecase.Loginsucess"/>
</testsuite> <!-- Usecase.Loginsucess -->
