<?xml version="1.0" encoding="UTF-8"?>
<!-- Generated by org.testng.reporters.JUnitReportReporter -->
<testsuite name="Usecase.Cresubject" tests="1" time="0.871" ignored="0" failures="0" timestamp="24 一月 2019 07:47:52 GMT" skipped="0" hostname="zcydeMacBook-Air.local" errors="0">
  <testcase name="clickHomePage" time="0.871" classname="Usecase.Cresubject"/>
</testsuite> <!-- Usecase.Cresubject -->
